[11:24:34] [Server thread/INFO]: Starting minecraft server version 1.15.2
[11:24:34] [Server thread/INFO]: Loading properties
[11:24:34] [Server thread/INFO]: This server is running Paper version git-Paper-251 (MC: 1.15.2) (Implementing API version 1.15.2-R0.1-SNAPSHOT)
[11:24:34] [Server thread/INFO]: Debug logging is disabled
[11:24:34] [Server thread/INFO]: Server Ping Player Sample Count: 12
[11:24:34] [Server thread/INFO]: Using 4 threads for Netty based IO
[11:24:34] [Server thread/INFO]: Default game type: SURVIVAL
[11:24:34] [Server thread/INFO]: Generating keypair
[11:24:35] [Server thread/INFO]: Starting Minecraft server on 2620:9b::1941:4566:25565
[11:24:35] [Server thread/INFO]: Using default channel type
[11:24:37] [Server thread/INFO]: [ClickSortLite] Loading ClickSortLite v3
[11:24:37] [Server thread/INFO]: [Vault] Loading Vault v1.7.2-b107
[11:24:37] [Server thread/INFO]: [PermissionsEx] Loading PermissionsEx v2.0-SNAPSHOT
[11:24:37] [Server thread/INFO]: [Essentials] Loading Essentials v2.17.2.77
[11:24:37] [Server thread/INFO]: [EssentialsChat] Loading EssentialsChat v2.17.2.77
[11:24:37] [Server thread/INFO]: Server permissions file permissions.yml is empty, ignoring it
[11:24:37] [Server thread/INFO]: [Vault] Enabling Vault v1.7.2-b107
[11:24:37] [Server thread/WARN]: [Vault] Loaded class com.earth2me.essentials.api.Economy from Essentials v2.17.2.77 which is not a depend, softdepend or loadbefore of this plugin.
[11:24:37] [Server thread/INFO]: [Vault] [Economy] Essentials Economy found: Waiting
[11:24:37] [Server thread/INFO]: [Vault] [Permission] SuperPermissions loaded as backup permission system.
[11:24:37] [Server thread/INFO]: [Vault] Enabled Version 1.7.2-b107
[11:24:37] [Server thread/INFO]: [PermissionsEx] Enabling PermissionsEx v2.0-SNAPSHOT
[11:24:38] [Server thread/INFO]: [PermissionsEx] Successfully registered Vault's Permission and Chat interfaces
[11:24:38] [Server thread/INFO]: Preparing level "world"
[11:24:39] [Server thread/INFO]: Reloading ResourceManager: Default, bukkit
[11:24:39] [Server thread/INFO]: Loaded 6 recipes
[11:24:43] [Server thread/INFO]: -------- World Settings For [world] --------
[11:24:43] [Server thread/INFO]: View Distance: 8
[11:24:43] [Server thread/INFO]: Allow Zombie Pigmen to spawn from portal blocks: true
[11:24:43] [Server thread/INFO]: Item Merge Radius: 0.5
[11:24:43] [Server thread/INFO]: Item Despawn Rate: 6000
[11:24:43] [Server thread/INFO]: Arrow Despawn Rate: 1200 Trident Respawn Rate:1200
[11:24:43] [Server thread/INFO]: Zombie Aggressive Towards Villager: true
[11:24:43] [Server thread/INFO]: Custom Map Seeds:  Village: 10387312 Desert: 14357617 Igloo: 14357618 Jungle: 14357619 Swamp: 14357620 Monument: 10387313 Ocean: 14357621 Shipwreck: 165745295 End City: 10387313 Slime: 987234911
[11:24:43] [Server thread/INFO]: Nerfing mobs spawned from spawners: false
[11:24:43] [Server thread/INFO]: Entity Tracking Range: Pl 48 / An 48 / Mo 48 / Mi 32 / Other 64
[11:24:43] [Server thread/INFO]: Tile Max Tick Time: 50ms Entity max Tick Time: 50ms
[11:24:43] [Server thread/INFO]: Entity Activation Range: An 32 / Mo 32 / Ra 48 / Mi 16 / Tiv true
[11:24:43] [Server thread/INFO]: Hopper Transfer: 8 Hopper Check: 1 Hopper Amount: 1
[11:24:43] [Server thread/INFO]: Max TNT Explosions: 100
[11:24:43] [Server thread/INFO]: Mob Spawn Range: 8
[11:24:43] [Server thread/INFO]: Experience Merge Radius: 0.0
[11:24:43] [Server thread/INFO]: Cactus Growth Modifier: 100%
[11:24:43] [Server thread/INFO]: Cane Growth Modifier: 100%
[11:24:43] [Server thread/INFO]: Melon Growth Modifier: 100%
[11:24:43] [Server thread/INFO]: Mushroom Growth Modifier: 100%
[11:24:43] [Server thread/INFO]: Pumpkin Growth Modifier: 100%
[11:24:43] [Server thread/INFO]: Sapling Growth Modifier: 100%
[11:24:43] [Server thread/INFO]: Beetroot Growth Modifier: 100%
[11:24:43] [Server thread/INFO]: Carrot Growth Modifier: 100%
[11:24:43] [Server thread/INFO]: Potato Growth Modifier: 100%
[11:24:43] [Server thread/INFO]: Wheat Growth Modifier: 100%
[11:24:43] [Server thread/INFO]: NetherWart Growth Modifier: 100%
[11:24:43] [Server thread/INFO]: Vine Growth Modifier: 100%
[11:24:43] [Server thread/INFO]: Cocoa Growth Modifier: 100%
[11:24:43] [Server thread/INFO]: Bamboo Growth Modifier: 100%
[11:24:43] [Server thread/INFO]: SweetBerry Growth Modifier: 100%
[11:24:43] [Server thread/INFO]: Kelp Growth Modifier: 100%
[11:24:44] [Server thread/INFO]: -------- World Settings For [world_nether] --------
[11:24:44] [Server thread/INFO]: View Distance: 8
[11:24:44] [Server thread/INFO]: Allow Zombie Pigmen to spawn from portal blocks: true
[11:24:44] [Server thread/INFO]: Item Merge Radius: 0.5
[11:24:44] [Server thread/INFO]: Item Despawn Rate: 6000
[11:24:44] [Server thread/INFO]: Arrow Despawn Rate: 1200 Trident Respawn Rate:1200
[11:24:44] [Server thread/INFO]: Zombie Aggressive Towards Villager: true
[11:24:44] [Server thread/INFO]: Custom Map Seeds:  Village: 10387312 Desert: 14357617 Igloo: 14357618 Jungle: 14357619 Swamp: 14357620 Monument: 10387313 Ocean: 14357621 Shipwreck: 165745295 End City: 10387313 Slime: 987234911
[11:24:44] [Server thread/INFO]: Nerfing mobs spawned from spawners: false
[11:24:44] [Server thread/INFO]: Entity Tracking Range: Pl 48 / An 48 / Mo 48 / Mi 32 / Other 64
[11:24:44] [Server thread/INFO]: Tile Max Tick Time: 50ms Entity max Tick Time: 50ms
[11:24:44] [Server thread/INFO]: Entity Activation Range: An 32 / Mo 32 / Ra 48 / Mi 16 / Tiv true
[11:24:44] [Server thread/INFO]: Hopper Transfer: 8 Hopper Check: 1 Hopper Amount: 1
[11:24:44] [Server thread/INFO]: Max TNT Explosions: 100
[11:24:44] [Server thread/INFO]: Mob Spawn Range: 8
[11:24:44] [Server thread/INFO]: Experience Merge Radius: 0.0
[11:24:44] [Server thread/INFO]: Cactus Growth Modifier: 100%
[11:24:44] [Server thread/INFO]: Cane Growth Modifier: 100%
[11:24:44] [Server thread/INFO]: Melon Growth Modifier: 100%
[11:24:44] [Server thread/INFO]: Mushroom Growth Modifier: 100%
[11:24:44] [Server thread/INFO]: Pumpkin Growth Modifier: 100%
[11:24:44] [Server thread/INFO]: Sapling Growth Modifier: 100%
[11:24:44] [Server thread/INFO]: Beetroot Growth Modifier: 100%
[11:24:44] [Server thread/INFO]: Carrot Growth Modifier: 100%
[11:24:44] [Server thread/INFO]: Potato Growth Modifier: 100%
[11:24:44] [Server thread/INFO]: Wheat Growth Modifier: 100%
[11:24:44] [Server thread/INFO]: NetherWart Growth Modifier: 100%
[11:24:44] [Server thread/INFO]: Vine Growth Modifier: 100%
[11:24:44] [Server thread/INFO]: Cocoa Growth Modifier: 100%
[11:24:44] [Server thread/INFO]: Bamboo Growth Modifier: 100%
[11:24:44] [Server thread/INFO]: SweetBerry Growth Modifier: 100%
[11:24:44] [Server thread/INFO]: Kelp Growth Modifier: 100%
[11:24:45] [Server thread/INFO]: -------- World Settings For [world_the_end] --------
[11:24:45] [Server thread/INFO]: View Distance: 8
[11:24:45] [Server thread/INFO]: Allow Zombie Pigmen to spawn from portal blocks: true
[11:24:45] [Server thread/INFO]: Item Merge Radius: 0.5
[11:24:45] [Server thread/INFO]: Item Despawn Rate: 6000
[11:24:45] [Server thread/INFO]: Arrow Despawn Rate: 1200 Trident Respawn Rate:1200
[11:24:45] [Server thread/INFO]: Zombie Aggressive Towards Villager: true
[11:24:45] [Server thread/INFO]: Custom Map Seeds:  Village: 10387312 Desert: 14357617 Igloo: 14357618 Jungle: 14357619 Swamp: 14357620 Monument: 10387313 Ocean: 14357621 Shipwreck: 165745295 End City: 10387313 Slime: 987234911
[11:24:45] [Server thread/INFO]: Nerfing mobs spawned from spawners: false
[11:24:45] [Server thread/INFO]: Entity Tracking Range: Pl 48 / An 48 / Mo 48 / Mi 32 / Other 64
[11:24:45] [Server thread/INFO]: Tile Max Tick Time: 50ms Entity max Tick Time: 50ms
[11:24:45] [Server thread/INFO]: Entity Activation Range: An 32 / Mo 32 / Ra 48 / Mi 16 / Tiv true
[11:24:45] [Server thread/INFO]: Hopper Transfer: 8 Hopper Check: 1 Hopper Amount: 1
[11:24:45] [Server thread/INFO]: Max TNT Explosions: 100
[11:24:45] [Server thread/INFO]: Mob Spawn Range: 8
[11:24:45] [Server thread/INFO]: Experience Merge Radius: 0.0
[11:24:45] [Server thread/INFO]: Cactus Growth Modifier: 100%
[11:24:45] [Server thread/INFO]: Cane Growth Modifier: 100%
[11:24:45] [Server thread/INFO]: Melon Growth Modifier: 100%
[11:24:45] [Server thread/INFO]: Mushroom Growth Modifier: 100%
[11:24:45] [Server thread/INFO]: Pumpkin Growth Modifier: 100%
[11:24:45] [Server thread/INFO]: Sapling Growth Modifier: 100%
[11:24:45] [Server thread/INFO]: Beetroot Growth Modifier: 100%
[11:24:45] [Server thread/INFO]: Carrot Growth Modifier: 100%
[11:24:45] [Server thread/INFO]: Potato Growth Modifier: 100%
[11:24:45] [Server thread/INFO]: Wheat Growth Modifier: 100%
[11:24:45] [Server thread/INFO]: NetherWart Growth Modifier: 100%
[11:24:45] [Server thread/INFO]: Vine Growth Modifier: 100%
[11:24:45] [Server thread/INFO]: Cocoa Growth Modifier: 100%
[11:24:45] [Server thread/INFO]: Bamboo Growth Modifier: 100%
[11:24:45] [Server thread/INFO]: SweetBerry Growth Modifier: 100%
[11:24:45] [Server thread/INFO]: Kelp Growth Modifier: 100%
[11:24:46] [Server thread/INFO]: Preparing start region for dimension 'world'/minecraft:overworld
[11:24:46] [Paper RegionFile IO Thread/INFO]: [RegionFile] Using Java 8 DirectByteBuffer cleanup method
[11:24:46] [Server thread/INFO]: Loaded 0 spawn chunks for world world
[11:24:46] [Server thread/INFO]: Time elapsed: 517 ms
[11:24:46] [Server thread/INFO]: Preparing start region for dimension 'world_nether'/minecraft:the_nether
[11:24:46] [Server thread/INFO]: Loaded 0 spawn chunks for world world_nether
[11:24:46] [Server thread/INFO]: Time elapsed: 105 ms
[11:24:46] [Server thread/INFO]: Preparing start region for dimension 'world_the_end'/minecraft:the_end
[11:24:46] [Server thread/INFO]: Loaded 0 spawn chunks for world world_the_end
[11:24:46] [Server thread/INFO]: Time elapsed: 26 ms
[11:24:46] [Server thread/INFO]: [ClickSortLite] Enabling ClickSortLite v3
[11:24:46] [Server thread/INFO]: [ClickSortLite] If you want to disable container sorting you have 2 ways:
[11:24:46] [Server thread/INFO]: [ClickSortLite] - cancel InventoryClickEvent in your plugin
[11:24:46] [Server thread/INFO]: [ClickSortLite] - set permission 'clicksortlite' to false
[11:24:46] [Server thread/INFO]: [ClickSortLite] For these to work i had to set InventoryClickEvent priority to highest,
[11:24:46] [Server thread/INFO]: [ClickSortLite] you should not do the same or results may be unpredictable.
[11:24:46] [Server thread/INFO]: [Essentials] Enabling Essentials v2.17.2.77
[11:24:47] [Server thread/INFO]: [Essentials] Attempting to convert old kits in config.yml to new kits.yml
[11:24:47] [Server thread/INFO]: [Essentials] No kits found to migrate.
[11:24:48] [Server thread/INFO]: [Essentials] Using 1.8.3+ BlockStateMeta provider as mob spawner provider.
[11:24:48] [Server thread/INFO]: [Essentials] Using 1.13+ flat spawn egg provider as spawn egg provider.
[11:24:48] [Server thread/INFO]: [Essentials] Using 1.9+ BasePotionData provider as potion meta provider.
[11:24:48] [Server thread/INFO]: [Essentials] Loaded 21019 items from items.json.
[11:24:48] [Server thread/INFO]: [Essentials] Using locale fr_FR
[11:24:49] [Server thread/INFO]: [Essentials] ServerListPingEvent: Spigot iterator API
[11:24:49] [Server thread/INFO]: [Essentials] Starting Metrics. Opt-out using the global bStats config.
[11:24:49] [Server thread/INFO]: [Vault] [Vault][Economy] Essentials Economy hooked.
[11:24:49] [Server thread/INFO]: [Essentials] Using Vault based permissions (PermissionsEx)
[11:24:49] [Server thread/INFO]: [EssentialsChat] Enabling EssentialsChat v2.17.2.77
[11:24:49] [Server thread/INFO]: Done (10.923s)! For help, type "help"
[11:24:50] [Server thread/INFO]: Timings Reset
[11:24:50] [Craft Scheduler Thread - 3/INFO]: [Vault] Checking for Updates ... 
[11:24:55] [Craft Scheduler Thread - 3/INFO]: [Vault] No new version available
[11:25:57] [User Authenticator #1/INFO]: UUID of player lumahell is 8b662c73-ec20-4d3b-b411-a031bc1039bf
[11:25:58] [Server thread/INFO]: lumahell joined the game
[11:25:58] [Server thread/INFO]: lumahell[/2620:9b:0:0:0:0:1941:4566:62673] logged in with entity id 278 at ([world]252.5911190071651, 55.0, 215.5500319155102)
[11:29:03] [Server thread/WARN]: Initializing Legacy Material Support. Unless you have legacy plugins and/or data this is a bug!
[12:11:46] [Server thread/INFO]: lumahell issued server command: /stop
[12:11:46] [Server thread/INFO]: [lumahell: Stopping the server]
[12:11:46] [Server thread/INFO]: Stopping server
[12:11:46] [Server thread/INFO]: [EssentialsChat] Disabling EssentialsChat v2.17.2.77
[12:11:46] [Server thread/INFO]: [Essentials] Disabling Essentials v2.17.2.77
[12:11:46] [Server thread/INFO]: [Vault] [Vault][Economy] Essentials Economy unhooked.
[12:11:47] [Server thread/INFO]: [PermissionsEx] Disabling PermissionsEx v2.0-SNAPSHOT
[12:11:47] [Server thread/INFO]: [Vault] Disabling Vault v1.7.2-b107
[12:11:47] [Server thread/INFO]: [ClickSortLite] Disabling ClickSortLite v3
[12:11:47] [Server thread/INFO]: Saving players
[12:11:47] [Server thread/INFO]: lumahell lost connection: Server closed
[12:11:47] [Server thread/INFO]: lumahell left the game
[12:11:47] [Server thread/INFO]: Saving worlds
[12:11:47] [Server thread/INFO]: Saving chunks for level 'world'/minecraft:overworld
[12:11:47] [Server thread/INFO]: ThreadedAnvilChunkStorage (world): All chunks are saved
[12:11:47] [Server thread/INFO]: Saving chunks for level 'world_nether'/minecraft:the_nether
[12:11:47] [Server thread/INFO]: ThreadedAnvilChunkStorage (DIM-1): All chunks are saved
[12:11:47] [Server thread/INFO]: Saving chunks for level 'world_the_end'/minecraft:the_end
[12:11:47] [Server thread/INFO]: ThreadedAnvilChunkStorage (DIM1): All chunks are saved
[12:11:47] [Server thread/INFO]: ThreadedAnvilChunkStorage (world): All chunks are saved
[12:11:47] [Server thread/INFO]: ThreadedAnvilChunkStorage (DIM-1): All chunks are saved
[12:11:47] [Server thread/INFO]: ThreadedAnvilChunkStorage (DIM1): All chunks are saved
[12:11:47] [Server thread/INFO]: Flushing Chunk IO
[12:11:47] [Server thread/INFO]: Closing Thread Pool
[12:11:47] [Server thread/INFO]: Closing Server
